\BOOKMARK [0][-]{chapter.1}{\376\377\0001\000\040\000C\000l\000a\000s\000s\000\040\000I\000n\000d\000e\000x}{}% 1
\BOOKMARK [1][-]{section.1.1}{\376\377\0001\000.\0001\000\040\000C\000l\000a\000s\000s\000\040\000L\000i\000s\000t}{chapter.1}% 2
\BOOKMARK [0][-]{chapter.2}{\376\377\0002\000\040\000F\000i\000l\000e\000\040\000I\000n\000d\000e\000x}{}% 3
\BOOKMARK [1][-]{section.2.1}{\376\377\0002\000.\0001\000\040\000F\000i\000l\000e\000\040\000L\000i\000s\000t}{chapter.2}% 4
\BOOKMARK [0][-]{chapter.3}{\376\377\0003\000\040\000C\000l\000a\000s\000s\000\040\000D\000o\000c\000u\000m\000e\000n\000t\000a\000t\000i\000o\000n}{}% 5
\BOOKMARK [1][-]{section.3.1}{\376\377\0003\000.\0001\000\040\000a\000r\000b\000r\000e\000<\000\040\000T\000,\000\040\000U\000\040\000>\000\040\000C\000l\000a\000s\000s\000\040\000T\000e\000m\000p\000l\000a\000t\000e\000\040\000R\000e\000f\000e\000r\000e\000n\000c\000e}{chapter.3}% 6
\BOOKMARK [2][-]{subsection.3.1.1}{\376\377\0003\000.\0001\000.\0001\000\040\000C\000o\000n\000s\000t\000r\000u\000c\000t\000o\000r\000\040\000\046\000\040\000D\000e\000s\000t\000r\000u\000c\000t\000o\000r\000\040\000D\000o\000c\000u\000m\000e\000n\000t\000a\000t\000i\000o\000n}{section.3.1}% 7
\BOOKMARK [3][-]{subsubsection.3.1.1.1}{\376\377\0003\000.\0001\000.\0001\000.\0001\000\040\000a\000r\000b\000r\000e\000\050\000\051\000\040\000[\0001\000/\0002\000]}{subsection.3.1.1}% 8
\BOOKMARK [3][-]{subsubsection.3.1.1.2}{\376\377\0003\000.\0001\000.\0001\000.\0002\000\040\000a\000r\000b\000r\000e\000\050\000\051\000\040\000[\0002\000/\0002\000]}{subsection.3.1.1}% 9
\BOOKMARK [3][-]{subsubsection.3.1.1.3}{\376\377\0003\000.\0001\000.\0001\000.\0003\000\040\000\040\000a\000r\000b\000r\000e\000\050\000\051}{subsection.3.1.1}% 10
\BOOKMARK [2][-]{subsection.3.1.2}{\376\377\0003\000.\0001\000.\0002\000\040\000M\000e\000m\000b\000e\000r\000\040\000F\000u\000n\000c\000t\000i\000o\000n\000\040\000D\000o\000c\000u\000m\000e\000n\000t\000a\000t\000i\000o\000n}{section.3.1}% 11
\BOOKMARK [3][-]{subsubsection.3.1.2.1}{\376\377\0003\000.\0001\000.\0002\000.\0001\000\040\000a\000j\000o\000u\000t\000e\000r\000\137\000n\000o\000e\000u\000d\000\050\000\051}{subsection.3.1.2}% 12
\BOOKMARK [3][-]{subsubsection.3.1.2.2}{\376\377\0003\000.\0001\000.\0002\000.\0002\000\040\000f\000i\000n\000d\000\050\000\051\000\040\000[\0001\000/\0002\000]}{subsection.3.1.2}% 13
\BOOKMARK [3][-]{subsubsection.3.1.2.3}{\376\377\0003\000.\0001\000.\0002\000.\0003\000\040\000f\000i\000n\000d\000\050\000\051\000\040\000[\0002\000/\0002\000]}{subsection.3.1.2}% 14
\BOOKMARK [3][-]{subsubsection.3.1.2.4}{\376\377\0003\000.\0001\000.\0002\000.\0004\000\040\000v\000o\000i\000r\000P\000e\000r\000e\000\050\000\051}{subsection.3.1.2}% 15
\BOOKMARK [2][-]{subsection.3.1.3}{\376\377\0003\000.\0001\000.\0003\000\040\000M\000e\000m\000b\000e\000r\000\040\000D\000a\000t\000a\000\040\000D\000o\000c\000u\000m\000e\000n\000t\000a\000t\000i\000o\000n}{section.3.1}% 16
\BOOKMARK [3][-]{subsubsection.3.1.3.1}{\376\377\0003\000.\0001\000.\0003\000.\0001\000\040\000r\000a\000c\000i\000n\000e}{subsection.3.1.3}% 17
\BOOKMARK [1][-]{section.3.2}{\376\377\0003\000.\0002\000\040\000j\000e\000u\000\040\000C\000l\000a\000s\000s\000\040\000R\000e\000f\000e\000r\000e\000n\000c\000e}{chapter.3}% 18
\BOOKMARK [2][-]{subsection.3.2.1}{\376\377\0003\000.\0002\000.\0001\000\040\000D\000e\000t\000a\000i\000l\000e\000d\000\040\000D\000e\000s\000c\000r\000i\000p\000t\000i\000o\000n}{section.3.2}% 19
\BOOKMARK [2][-]{subsection.3.2.2}{\376\377\0003\000.\0002\000.\0002\000\040\000C\000o\000n\000s\000t\000r\000u\000c\000t\000o\000r\000\040\000\046\000\040\000D\000e\000s\000t\000r\000u\000c\000t\000o\000r\000\040\000D\000o\000c\000u\000m\000e\000n\000t\000a\000t\000i\000o\000n}{section.3.2}% 20
\BOOKMARK [3][-]{subsubsection.3.2.2.1}{\376\377\0003\000.\0002\000.\0002\000.\0001\000\040\000\040\000j\000e\000u\000\050\000\051}{subsection.3.2.2}% 21
\BOOKMARK [3][-]{subsubsection.3.2.2.2}{\376\377\0003\000.\0002\000.\0002\000.\0002\000\040\000j\000e\000u\000\050\000\051}{subsection.3.2.2}% 22
\BOOKMARK [2][-]{subsection.3.2.3}{\376\377\0003\000.\0002\000.\0003\000\040\000M\000e\000m\000b\000e\000r\000\040\000F\000u\000n\000c\000t\000i\000o\000n\000\040\000D\000o\000c\000u\000m\000e\000n\000t\000a\000t\000i\000o\000n}{section.3.2}% 23
\BOOKMARK [3][-]{subsubsection.3.2.3.1}{\376\377\0003\000.\0002\000.\0003\000.\0001\000\040\000a\000\050\000\051}{subsection.3.2.3}% 24
\BOOKMARK [3][-]{subsubsection.3.2.3.2}{\376\377\0003\000.\0002\000.\0003\000.\0002\000\040\000c\000h\000e\000c\000k\000\137\000w\000i\000n\000\050\000\051}{subsection.3.2.3}% 25
\BOOKMARK [3][-]{subsubsection.3.2.3.3}{\376\377\0003\000.\0002\000.\0003\000.\0003\000\040\000m\000e\000n\000u\000\050\000\051}{subsection.3.2.3}% 26
\BOOKMARK [3][-]{subsubsection.3.2.3.4}{\376\377\0003\000.\0002\000.\0003\000.\0004\000\040\000t\000o\000u\000r\000\050\000\051}{subsection.3.2.3}% 27
\BOOKMARK [2][-]{subsection.3.2.4}{\376\377\0003\000.\0002\000.\0004\000\040\000M\000e\000m\000b\000e\000r\000\040\000D\000a\000t\000a\000\040\000D\000o\000c\000u\000m\000e\000n\000t\000a\000t\000i\000o\000n}{section.3.2}% 28
\BOOKMARK [3][-]{subsubsection.3.2.4.1}{\376\377\0003\000.\0002\000.\0004\000.\0001\000\040\000h\000a\000v}{subsection.3.2.4}% 29
\BOOKMARK [3][-]{subsubsection.3.2.4.2}{\376\377\0003\000.\0002\000.\0004\000.\0002\000\040\000n\000b\000\137\000i\000a}{subsection.3.2.4}% 30
\BOOKMARK [3][-]{subsubsection.3.2.4.3}{\376\377\0003\000.\0002\000.\0004\000.\0003\000\040\000n\000b\000\137\000p\000l\000a\000y\000e\000r\000s}{subsection.3.2.4}% 31
\BOOKMARK [3][-]{subsubsection.3.2.4.4}{\376\377\0003\000.\0002\000.\0004\000.\0004\000\040\000n\000b\000t\000u\000r\000n}{subsection.3.2.4}% 32
\BOOKMARK [3][-]{subsubsection.3.2.4.5}{\376\377\0003\000.\0002\000.\0004\000.\0005\000\040\000p\000a\000r\000t\000\137\000p\000l\000a\000t\000e\000a\000u}{subsection.3.2.4}% 33
\BOOKMARK [3][-]{subsubsection.3.2.4.6}{\376\377\0003\000.\0002\000.\0004\000.\0006\000\040\000p\000l\000a\000y\000e\000r\000i\000d\000s}{subsection.3.2.4}% 34
\BOOKMARK [3][-]{subsubsection.3.2.4.7}{\376\377\0003\000.\0002\000.\0004\000.\0007\000\040\000p\000l\000a\000y\000e\000r\000s}{subsection.3.2.4}% 35
\BOOKMARK [1][-]{section.3.3}{\376\377\0003\000.\0003\000\040\000n\000o\000e\000u\000d\000<\000\040\000T\000,\000\040\000U\000\040\000>\000\040\000C\000l\000a\000s\000s\000\040\000T\000e\000m\000p\000l\000a\000t\000e\000\040\000R\000e\000f\000e\000r\000e\000n\000c\000e}{chapter.3}% 36
\BOOKMARK [2][-]{subsection.3.3.1}{\376\377\0003\000.\0003\000.\0001\000\040\000C\000o\000n\000s\000t\000r\000u\000c\000t\000o\000r\000\040\000\046\000\040\000D\000e\000s\000t\000r\000u\000c\000t\000o\000r\000\040\000D\000o\000c\000u\000m\000e\000n\000t\000a\000t\000i\000o\000n}{section.3.3}% 37
\BOOKMARK [3][-]{subsubsection.3.3.1.1}{\376\377\0003\000.\0003\000.\0001\000.\0001\000\040\000n\000o\000e\000u\000d\000\050\000\051\000\040\000[\0001\000/\0003\000]}{subsection.3.3.1}% 38
\BOOKMARK [3][-]{subsubsection.3.3.1.2}{\376\377\0003\000.\0003\000.\0001\000.\0002\000\040\000\040\000n\000o\000e\000u\000d\000\050\000\051}{subsection.3.3.1}% 39
\BOOKMARK [3][-]{subsubsection.3.3.1.3}{\376\377\0003\000.\0003\000.\0001\000.\0003\000\040\000n\000o\000e\000u\000d\000\050\000\051\000\040\000[\0002\000/\0003\000]}{subsection.3.3.1}% 40
\BOOKMARK [3][-]{subsubsection.3.3.1.4}{\376\377\0003\000.\0003\000.\0001\000.\0004\000\040\000n\000o\000e\000u\000d\000\050\000\051\000\040\000[\0003\000/\0003\000]}{subsection.3.3.1}% 41
\BOOKMARK [2][-]{subsection.3.3.2}{\376\377\0003\000.\0003\000.\0002\000\040\000M\000e\000m\000b\000e\000r\000\040\000F\000u\000n\000c\000t\000i\000o\000n\000\040\000D\000o\000c\000u\000m\000e\000n\000t\000a\000t\000i\000o\000n}{section.3.3}% 42
\BOOKMARK [3][-]{subsubsection.3.3.2.1}{\376\377\0003\000.\0003\000.\0002\000.\0001\000\040\000a\000f\000f\000\050\000\051}{subsection.3.3.2}% 43
\BOOKMARK [3][-]{subsubsection.3.3.2.2}{\376\377\0003\000.\0003\000.\0002\000.\0002\000\040\000o\000p\000e\000r\000a\000t\000o\000r\000=\000=\000\050\000\051}{subsection.3.3.2}% 44
\BOOKMARK [2][-]{subsection.3.3.3}{\376\377\0003\000.\0003\000.\0003\000\040\000M\000e\000m\000b\000e\000r\000\040\000D\000a\000t\000a\000\040\000D\000o\000c\000u\000m\000e\000n\000t\000a\000t\000i\000o\000n}{section.3.3}% 45
\BOOKMARK [3][-]{subsubsection.3.3.3.1}{\376\377\0003\000.\0003\000.\0003\000.\0001\000\040\000f\000i\000l\000s\000g\000a\000u\000c\000h\000e}{subsection.3.3.3}% 46
\BOOKMARK [3][-]{subsubsection.3.3.3.2}{\376\377\0003\000.\0003\000.\0003\000.\0002\000\040\000f\000r\000e\000r\000e\000d\000r\000o\000i\000t}{subsection.3.3.3}% 47
\BOOKMARK [3][-]{subsubsection.3.3.3.3}{\376\377\0003\000.\0003\000.\0003\000.\0003\000\040\000i\000n\000f\000o}{subsection.3.3.3}% 48
\BOOKMARK [3][-]{subsubsection.3.3.3.4}{\376\377\0003\000.\0003\000.\0003\000.\0004\000\040\000p\000e\000r\000e}{subsection.3.3.3}% 49
\BOOKMARK [1][-]{section.3.4}{\376\377\0003\000.\0004\000\040\000p\000l\000a\000t\000e\000a\000u\000\040\000C\000l\000a\000s\000s\000\040\000R\000e\000f\000e\000r\000e\000n\000c\000e}{chapter.3}% 50
\BOOKMARK [2][-]{subsection.3.4.1}{\376\377\0003\000.\0004\000.\0001\000\040\000D\000e\000t\000a\000i\000l\000e\000d\000\040\000D\000e\000s\000c\000r\000i\000p\000t\000i\000o\000n}{section.3.4}% 51
\BOOKMARK [2][-]{subsection.3.4.2}{\376\377\0003\000.\0004\000.\0002\000\040\000M\000e\000m\000b\000e\000r\000\040\000E\000n\000u\000m\000e\000r\000a\000t\000i\000o\000n\000\040\000D\000o\000c\000u\000m\000e\000n\000t\000a\000t\000i\000o\000n}{section.3.4}% 52
\BOOKMARK [3][-]{subsubsection.3.4.2.1}{\376\377\0003\000.\0004\000.\0002\000.\0001\000\040\000e\000n\000d\000G\000a\000m\000e}{subsection.3.4.2}% 53
\BOOKMARK [2][-]{subsection.3.4.3}{\376\377\0003\000.\0004\000.\0003\000\040\000C\000o\000n\000s\000t\000r\000u\000c\000t\000o\000r\000\040\000\046\000\040\000D\000e\000s\000t\000r\000u\000c\000t\000o\000r\000\040\000D\000o\000c\000u\000m\000e\000n\000t\000a\000t\000i\000o\000n}{section.3.4}% 54
\BOOKMARK [3][-]{subsubsection.3.4.3.1}{\376\377\0003\000.\0004\000.\0003\000.\0001\000\040\000p\000l\000a\000t\000e\000a\000u\000\050\000\051\000\040\000[\0001\000/\0002\000]}{subsection.3.4.3}% 55
\BOOKMARK [3][-]{subsubsection.3.4.3.2}{\376\377\0003\000.\0004\000.\0003\000.\0002\000\040\000\040\000p\000l\000a\000t\000e\000a\000u\000\050\000\051}{subsection.3.4.3}% 56
\BOOKMARK [3][-]{subsubsection.3.4.3.3}{\376\377\0003\000.\0004\000.\0003\000.\0003\000\040\000p\000l\000a\000t\000e\000a\000u\000\050\000\051\000\040\000[\0002\000/\0002\000]}{subsection.3.4.3}% 57
\BOOKMARK [2][-]{subsection.3.4.4}{\376\377\0003\000.\0004\000.\0004\000\040\000M\000e\000m\000b\000e\000r\000\040\000F\000u\000n\000c\000t\000i\000o\000n\000\040\000D\000o\000c\000u\000m\000e\000n\000t\000a\000t\000i\000o\000n}{section.3.4}% 58
\BOOKMARK [3][-]{subsubsection.3.4.4.1}{\376\377\0003\000.\0004\000.\0004\000.\0001\000\040\000a\000f\000f\000\137\000b\000a\000s\000\137\000h\000e\000x\000a\000\050\000\051}{subsection.3.4.4}% 59
\BOOKMARK [3][-]{subsubsection.3.4.4.2}{\376\377\0003\000.\0004\000.\0004\000.\0002\000\040\000a\000f\000f\000\137\000b\000a\000s\000\137\000h\000e\000x\000a\0002\000\050\000\051}{subsection.3.4.4}% 60
\BOOKMARK [3][-]{subsubsection.3.4.4.3}{\376\377\0003\000.\0004\000.\0004\000.\0003\000\040\000a\000f\000f\000\137\000c\000o\000n\000t\000e\000n\000u\000\050\000\051}{subsection.3.4.4}% 61
\BOOKMARK [3][-]{subsubsection.3.4.4.4}{\376\377\0003\000.\0004\000.\0004\000.\0004\000\040\000a\000f\000f\000\137\000h\000a\000u\000t\000\137\000h\000e\000x\000a\000\050\000\051}{subsection.3.4.4}% 62
\BOOKMARK [3][-]{subsubsection.3.4.4.5}{\376\377\0003\000.\0004\000.\0004\000.\0005\000\040\000a\000f\000f\000\137\000h\000a\000u\000t\000\137\000h\000e\000x\000a\0002\000\050\000\051}{subsection.3.4.4}% 63
\BOOKMARK [3][-]{subsubsection.3.4.4.6}{\376\377\0003\000.\0004\000.\0004\000.\0006\000\040\000a\000f\000f\000i\000c\000h\000e\000r\000\050\000\051}{subsection.3.4.4}% 64
\BOOKMARK [3][-]{subsubsection.3.4.4.7}{\376\377\0003\000.\0004\000.\0004\000.\0007\000\040\000a\000f\000f\000i\000c\000h\000e\000r\0002\000\050\000\051}{subsection.3.4.4}% 65
\BOOKMARK [3][-]{subsubsection.3.4.4.8}{\376\377\0003\000.\0004\000.\0004\000.\0008\000\040\000c\000h\000e\000c\000k\000\137\000w\000i\000n\000\050\000\051}{subsection.3.4.4}% 66
\BOOKMARK [3][-]{subsubsection.3.4.4.9}{\376\377\0003\000.\0004\000.\0004\000.\0009\000\040\000f\000i\000n\000d\000\137\000i\000n\000\137\000n\000o\000d\000e\000\137\000v\000e\000c\000t\000o\000r\000\050\000\051}{subsection.3.4.4}% 67
\BOOKMARK [3][-]{subsubsection.3.4.4.10}{\376\377\0003\000.\0004\000.\0004\000.\0001\0000\000\040\000g\000e\000t\000T\000a\000i\000l\000l\000e\000\050\000\051}{subsection.3.4.4}% 68
\BOOKMARK [3][-]{subsubsection.3.4.4.11}{\376\377\0003\000.\0004\000.\0004\000.\0001\0001\000\040\000g\000e\000t\000T\000a\000i\000l\000l\000e\000R\000e\000e\000l\000l\000e\000\050\000\051}{subsection.3.4.4}% 69
\BOOKMARK [3][-]{subsubsection.3.4.4.12}{\376\377\0003\000.\0004\000.\0004\000.\0001\0002\000\040\000p\000l\000a\000c\000e\000r\000p\000i\000o\000n\000\050\000\051}{subsection.3.4.4}% 70
\BOOKMARK [3][-]{subsubsection.3.4.4.13}{\376\377\0003\000.\0004\000.\0004\000.\0001\0003\000\040\000r\000\137\000d\000e\000r\000\137\000l\000i\000g\000n\000e\000\050\000\051}{subsection.3.4.4}% 71
\BOOKMARK [3][-]{subsubsection.3.4.4.14}{\376\377\0003\000.\0004\000.\0004\000.\0001\0004\000\040\000r\000e\000t\000P\000a\000r\000t\000i\000c\000u\000l\000i\000e\000r\000s\000\050\000\051}{subsection.3.4.4}% 72
\BOOKMARK [3][-]{subsubsection.3.4.4.15}{\376\377\0003\000.\0004\000.\0004\000.\0001\0005\000\040\000R\000t\000a\000i\000l\000l\000e\000c\000o\000t\000e\000\050\000\051}{subsection.3.4.4}% 73
\BOOKMARK [3][-]{subsubsection.3.4.4.16}{\376\377\0003\000.\0004\000.\0004\000.\0001\0006\000\040\000s\000u\000i\000v\000r\000e\000C\000h\000e\000m\000i\000n\000\050\000\051\000\040\000[\0001\000/\0002\000]}{subsection.3.4.4}% 74
\BOOKMARK [3][-]{subsubsection.3.4.4.17}{\376\377\0003\000.\0004\000.\0004\000.\0001\0007\000\040\000s\000u\000i\000v\000r\000e\000C\000h\000e\000m\000i\000n\000\050\000\051\000\040\000[\0002\000/\0002\000]}{subsection.3.4.4}% 75
\BOOKMARK [2][-]{subsection.3.4.5}{\376\377\0003\000.\0004\000.\0005\000\040\000M\000e\000m\000b\000e\000r\000\040\000D\000a\000t\000a\000\040\000D\000o\000c\000u\000m\000e\000n\000t\000a\000t\000i\000o\000n}{section.3.4}% 76
\BOOKMARK [3][-]{subsubsection.3.4.5.1}{\376\377\0003\000.\0004\000.\0005\000.\0001\000\040\000d\000e\000r\000\137\000l\000i\000g\000n\000e}{subsection.3.4.5}% 77
\BOOKMARK [3][-]{subsubsection.3.4.5.2}{\376\377\0003\000.\0004\000.\0005\000.\0002\000\040\000h\000e\000x\000a}{subsection.3.4.5}% 78
\BOOKMARK [3][-]{subsubsection.3.4.5.3}{\376\377\0003\000.\0004\000.\0005\000.\0003\000\040\000t\000a\000i\000l\000l\000e\000c\000o\000t\000e}{subsection.3.4.5}% 79
\BOOKMARK [1][-]{section.3.5}{\376\377\0003\000.\0005\000\040\000p\000l\000a\000y\000e\000r\000\040\000C\000l\000a\000s\000s\000\040\000R\000e\000f\000e\000r\000e\000n\000c\000e}{chapter.3}% 80
\BOOKMARK [2][-]{subsection.3.5.1}{\376\377\0003\000.\0005\000.\0001\000\040\000D\000e\000t\000a\000i\000l\000e\000d\000\040\000D\000e\000s\000c\000r\000i\000p\000t\000i\000o\000n}{section.3.5}% 81
\BOOKMARK [2][-]{subsection.3.5.2}{\376\377\0003\000.\0005\000.\0002\000\040\000C\000o\000n\000s\000t\000r\000u\000c\000t\000o\000r\000\040\000\046\000\040\000D\000e\000s\000t\000r\000u\000c\000t\000o\000r\000\040\000D\000o\000c\000u\000m\000e\000n\000t\000a\000t\000i\000o\000n}{section.3.5}% 82
\BOOKMARK [3][-]{subsubsection.3.5.2.1}{\376\377\0003\000.\0005\000.\0002\000.\0001\000\040\000p\000l\000a\000y\000e\000r\000\050\000\051}{subsection.3.5.2}% 83
\BOOKMARK [3][-]{subsubsection.3.5.2.2}{\376\377\0003\000.\0005\000.\0002\000.\0002\000\040\000\040\000p\000l\000a\000y\000e\000r\000\050\000\051}{subsection.3.5.2}% 84
\BOOKMARK [2][-]{subsection.3.5.3}{\376\377\0003\000.\0005\000.\0003\000\040\000M\000e\000m\000b\000e\000r\000\040\000F\000u\000n\000c\000t\000i\000o\000n\000\040\000D\000o\000c\000u\000m\000e\000n\000t\000a\000t\000i\000o\000n}{section.3.5}% 85
\BOOKMARK [3][-]{subsubsection.3.5.3.1}{\376\377\0003\000.\0005\000.\0003\000.\0001\000\040\000a\000f\000f\000c\000o\000u\000p\000s\000\050\000\051}{subsection.3.5.3}% 86
\BOOKMARK [3][-]{subsubsection.3.5.3.2}{\376\377\0003\000.\0005\000.\0003\000.\0002\000\040\000c\000h\000e\000c\000k\000\137\000w\000i\000n\000\050\000\051}{subsection.3.5.3}% 87
\BOOKMARK [3][-]{subsubsection.3.5.3.3}{\376\377\0003\000.\0005\000.\0003\000.\0003\000\040\000e\000s\000t\000\137\000v\000o\000i\000s\000i\000n\000\050\000\051}{subsection.3.5.3}% 88
\BOOKMARK [3][-]{subsubsection.3.5.3.4}{\376\377\0003\000.\0005\000.\0003\000.\0004\000\040\000n\000e\000w\000i\000d\000\050\000\051}{subsection.3.5.3}% 89
\BOOKMARK [3][-]{subsubsection.3.5.3.5}{\376\377\0003\000.\0005\000.\0003\000.\0005\000\040\000p\000l\000a\000c\000e\000r\000\137\000p\000i\000o\000n\000\050\000\051}{subsection.3.5.3}% 90
\BOOKMARK [3][-]{subsubsection.3.5.3.6}{\376\377\0003\000.\0005\000.\0003\000.\0006\000\040\000r\000e\000t\000u\000r\000n\000I\000a\000\050\000\051}{subsection.3.5.3}% 91
\BOOKMARK [3][-]{subsubsection.3.5.3.7}{\376\377\0003\000.\0005\000.\0003\000.\0007\000\040\000r\000e\000t\000u\000r\000n\000I\000d\000\050\000\051}{subsection.3.5.3}% 92
\BOOKMARK [3][-]{subsubsection.3.5.3.8}{\376\377\0003\000.\0005\000.\0003\000.\0008\000\040\000r\000e\000t\000u\000r\000n\000N\000o\000m\000\050\000\051}{subsection.3.5.3}% 93
\BOOKMARK [2][-]{subsection.3.5.4}{\376\377\0003\000.\0005\000.\0004\000\040\000M\000e\000m\000b\000e\000r\000\040\000D\000a\000t\000a\000\040\000D\000o\000c\000u\000m\000e\000n\000t\000a\000t\000i\000o\000n}{section.3.5}% 94
\BOOKMARK [3][-]{subsubsection.3.5.4.1}{\376\377\0003\000.\0005\000.\0004\000.\0001\000\040\000i\000a}{subsection.3.5.4}% 95
\BOOKMARK [3][-]{subsubsection.3.5.4.2}{\376\377\0003\000.\0005\000.\0004\000.\0002\000\040\000i\000d}{subsection.3.5.4}% 96
\BOOKMARK [3][-]{subsubsection.3.5.4.3}{\376\377\0003\000.\0005\000.\0004\000.\0003\000\040\000n\000o\000m}{subsection.3.5.4}% 97
\BOOKMARK [0][-]{chapter.4}{\376\377\0004\000\040\000F\000i\000l\000e\000\040\000D\000o\000c\000u\000m\000e\000n\000t\000a\000t\000i\000o\000n}{}% 98
\BOOKMARK [1][-]{section.4.1}{\376\377\0004\000.\0001\000\040\000/\000U\000s\000e\000r\000s\000/\000t\000h\000i\000b\000a\000u\000l\000t\000/\000G\000o\000o\000g\000l\000e\000\040\000D\000r\000i\000v\000e\000/\000P\000R\000O\000G\000/\000S\0004\000/\000P\000r\000o\000j\000e\000t\000/\000h\000/\000a\000r\000b\000r\000e\000.\000h\000\040\000F\000i\000l\000e\000\040\000R\000e\000f\000e\000r\000e\000n\000c\000e}{chapter.4}% 99
\BOOKMARK [1][-]{section.4.2}{\376\377\0004\000.\0002\000\040\000/\000U\000s\000e\000r\000s\000/\000t\000h\000i\000b\000a\000u\000l\000t\000/\000G\000o\000o\000g\000l\000e\000\040\000D\000r\000i\000v\000e\000/\000P\000R\000O\000G\000/\000S\0004\000/\000P\000r\000o\000j\000e\000t\000/\000h\000/\000j\000e\000u\000.\000h\000\040\000F\000i\000l\000e\000\040\000R\000e\000f\000e\000r\000e\000n\000c\000e}{chapter.4}% 100
\BOOKMARK [1][-]{section.4.3}{\376\377\0004\000.\0003\000\040\000/\000U\000s\000e\000r\000s\000/\000t\000h\000i\000b\000a\000u\000l\000t\000/\000G\000o\000o\000g\000l\000e\000\040\000D\000r\000i\000v\000e\000/\000P\000R\000O\000G\000/\000S\0004\000/\000P\000r\000o\000j\000e\000t\000/\000h\000/\000n\000o\000e\000u\000d\000.\000h\000\040\000F\000i\000l\000e\000\040\000R\000e\000f\000e\000r\000e\000n\000c\000e}{chapter.4}% 101
\BOOKMARK [1][-]{section.4.4}{\376\377\0004\000.\0004\000\040\000/\000U\000s\000e\000r\000s\000/\000t\000h\000i\000b\000a\000u\000l\000t\000/\000G\000o\000o\000g\000l\000e\000\040\000D\000r\000i\000v\000e\000/\000P\000R\000O\000G\000/\000S\0004\000/\000P\000r\000o\000j\000e\000t\000/\000h\000/\000p\000l\000a\000t\000e\000a\000u\000.\000h\000\040\000F\000i\000l\000e\000\040\000R\000e\000f\000e\000r\000e\000n\000c\000e}{chapter.4}% 102
\BOOKMARK [1][-]{section.4.5}{\376\377\0004\000.\0005\000\040\000/\000U\000s\000e\000r\000s\000/\000t\000h\000i\000b\000a\000u\000l\000t\000/\000G\000o\000o\000g\000l\000e\000\040\000D\000r\000i\000v\000e\000/\000P\000R\000O\000G\000/\000S\0004\000/\000P\000r\000o\000j\000e\000t\000/\000h\000/\000p\000l\000a\000y\000e\000r\000.\000h\000\040\000F\000i\000l\000e\000\040\000R\000e\000f\000e\000r\000e\000n\000c\000e}{chapter.4}% 103
\BOOKMARK [0][-]{section*.18}{\376\377\000I\000n\000d\000e\000x}{}% 104
